[Mon Oct 27 15:28:27 2014] "STATUS: STARTING" 
[Mon Oct 27 15:28:27 2014] "STATUS: configuring" 
[Mon Oct 27 15:28:27 2014] "got configuration data from file </usr/local/bin/scribe_client.conf>" 
[Mon Oct 27 15:28:27 2014] "CATEGORY : default" 
Bad config - buffer store doesn't have secondary store
[Mon Oct 27 15:28:27 2014] "Creating default store" 
[Mon Oct 27 15:28:27 2014] "configured <1> stores" 
[Mon Oct 27 15:28:27 2014] "STATUS: " 
[Mon Oct 27 15:28:27 2014] "STATUS: ALIVE" 
[Mon Oct 27 15:28:27 2014] "Starting scribe server on port 8250" 
Thrift: Mon Oct 27 15:28:27 2014 libevent 2.0.16-stable method epoll
[Mon Oct 27 15:50:15 2014] "[TIANSHA_YUEYU_2014-10-27] Creating new category store from model default" 
[Mon Oct 27 15:50:15 2014] "store thread starting" 
[Mon Oct 27 15:50:15 2014] "[TIANSHA_YUEYU_2014-10-27] Opened file </tmp/scribe/data/TIANSHA_YUEYU_2014-10-27/TIANSHA_YUEYU_2014-10-27_00000> for writing" 
[Mon Oct 27 15:50:15 2014] "[TIANSHA_YUEYU_2014-10-27] Opened file </tmp/TIANSHA_YUEYU_2014-10-27/TIANSHA_YUEYU_2014-10-27_00000> for writing" 
[Mon Oct 27 15:50:15 2014] "[TIANSHA_YUEYU_2014-10-27] Changing state from <DISCONNECTED> to <SENDING_BUFFER>" 
[Mon Oct 27 15:50:15 2014] "[TIANSHA_YUEYU_2014-10-27] read <0> entries of <0> bytes from file </tmp/TIANSHA_YUEYU_2014-10-27/TIANSHA_YUEYU_2014-10-27_00000>" 
[Mon Oct 27 15:50:15 2014] "[TIANSHA_YUEYU_2014-10-27] No more buffer files to send, switching to streaming mode" 
[Mon Oct 27 15:50:15 2014] "[TIANSHA_YUEYU_2014-10-27] Changing state from <SENDING_BUFFER> to <STREAMING>" 
[Tue Oct 28 10:29:53 2014] "[TIANSHA_YUEYU_2014-10-28] Creating new category store from model default" 
[Tue Oct 28 10:29:53 2014] "store thread starting" 
[Tue Oct 28 10:29:53 2014] "[TIANSHA_YUEYU_2014-10-28] Opened file </tmp/scribe/data/TIANSHA_YUEYU_2014-10-28/TIANSHA_YUEYU_2014-10-28_00000> for writing" 
[Tue Oct 28 10:29:53 2014] "[TIANSHA_YUEYU_2014-10-28] Opened file </tmp/TIANSHA_YUEYU_2014-10-28/TIANSHA_YUEYU_2014-10-28_00000> for writing" 
[Tue Oct 28 10:29:53 2014] "[TIANSHA_YUEYU_2014-10-28] Changing state from <DISCONNECTED> to <SENDING_BUFFER>" 
[Tue Oct 28 10:29:53 2014] "[TIANSHA_YUEYU_2014-10-28] read <0> entries of <0> bytes from file </tmp/TIANSHA_YUEYU_2014-10-28/TIANSHA_YUEYU_2014-10-28_00000>" 
[Tue Oct 28 10:29:53 2014] "[TIANSHA_YUEYU_2014-10-28] No more buffer files to send, switching to streaming mode" 
[Tue Oct 28 10:29:53 2014] "[TIANSHA_YUEYU_2014-10-28] Changing state from <SENDING_BUFFER> to <STREAMING>" 
[Wed Oct 29 10:18:00 2014] "[TIANSHA_YUEYU_2014-10-29] Creating new category store from model default" 
[Wed Oct 29 10:18:00 2014] "store thread starting" 
[Wed Oct 29 10:18:00 2014] "[TIANSHA_YUEYU_2014-10-29] Opened file </tmp/scribe/data/TIANSHA_YUEYU_2014-10-29/TIANSHA_YUEYU_2014-10-29_00000> for writing" 
[Wed Oct 29 10:18:00 2014] "[TIANSHA_YUEYU_2014-10-29] Opened file </tmp/TIANSHA_YUEYU_2014-10-29/TIANSHA_YUEYU_2014-10-29_00000> for writing" 
[Wed Oct 29 10:18:00 2014] "[TIANSHA_YUEYU_2014-10-29] Changing state from <DISCONNECTED> to <SENDING_BUFFER>" 
[Wed Oct 29 10:18:00 2014] "[TIANSHA_YUEYU_2014-10-29] read <0> entries of <0> bytes from file </tmp/TIANSHA_YUEYU_2014-10-29/TIANSHA_YUEYU_2014-10-29_00000>" 
[Wed Oct 29 10:18:00 2014] "[TIANSHA_YUEYU_2014-10-29] No more buffer files to send, switching to streaming mode" 
[Wed Oct 29 10:18:00 2014] "[TIANSHA_YUEYU_2014-10-29] Changing state from <SENDING_BUFFER> to <STREAMING>" 
